ya.ru
Sun Dec 26 22:17:21 RTZ 2021
OK
mail.ru
Sun Dec 26 22:17:21 RTZ 2021
OK
localhost
Sun Dec 26 22:17:21 RTZ 2021
NOT OK
ya.ru
Sun Dec 26 22:17:24 RTZ 2021
OK
mail.ru
Sun Dec 26 22:17:24 RTZ 2021
OK
localhost
Sun Dec 26 22:17:24 RTZ 2021
NOT OK
ya.ru
Sun Dec 26 22:17:26 RTZ 2021
OK
mail.ru
Sun Dec 26 22:17:26 RTZ 2021
OK
localhost
Sun Dec 26 22:17:26 RTZ 2021
NOT OK
ya.ru
Sun Dec 26 22:17:29 RTZ 2021
OK
mail.ru
Sun Dec 26 22:17:29 RTZ 2021
OK
localhost
Sun Dec 26 22:17:29 RTZ 2021
NOT OK
ya.ru
Sun Dec 26 22:17:31 RTZ 2021
OK
mail.ru
Sun Dec 26 22:17:31 RTZ 2021
OK
localhost
Sun Dec 26 22:17:31 RTZ 2021
NOT OK
