ya.ru
Sun Dec 26 23:05:28 RTZ 2021
OK
mail.ru
Sun Dec 26 23:05:29 RTZ 2021
OK
localhost
Sun Dec 26 23:05:30 RTZ 2021
OK
ya.ru
Sun Dec 26 23:06:34 RTZ 2021
OK
mail.ru
Sun Dec 26 23:06:34 RTZ 2021
OK
localhost
Sun Dec 26 23:06:34 RTZ 2021
OK
ya.ru
Sun Dec 26 23:06:35 RTZ 2021
OK
mail.ru
Sun Dec 26 23:06:36 RTZ 2021
OK
localhost
Sun Dec 26 23:06:36 RTZ 2021
OK
ya.ru
Sun Dec 26 23:06:37 RTZ 2021
OK
mail.ru
Sun Dec 26 23:06:37 RTZ 2021
OK
localhost
Sun Dec 26 23:06:37 RTZ 2021
OK
ya.ru
Sun Dec 26 23:06:38 RTZ 2021
OK
mail.ru
Sun Dec 26 23:06:38 RTZ 2021
OK
localhost
Sun Dec 26 23:06:39 RTZ 2021
OK
ya.ru
Sun Dec 26 23:06:40 RTZ 2021
OK
mail.ru
Sun Dec 26 23:06:40 RTZ 2021
OK
localhost
Sun Dec 26 23:06:40 RTZ 2021
OK
ya.ru
Sun Dec 26 23:06:41 RTZ 2021
OK
mail.ru
Sun Dec 26 23:06:41 RTZ 2021
OK
localhost
Sun Dec 26 23:06:42 RTZ 2021
OK
ya.ru
Sun Dec 26 23:06:43 RTZ 2021
OK
mail.ru
Sun Dec 26 23:06:43 RTZ 2021
OK
localhost
Sun Dec 26 23:06:43 RTZ 2021
OK
ya.ru
Sun Dec 26 23:06:44 RTZ 2021
OK
mail.ru
Sun Dec 26 23:06:44 RTZ 2021
OK
localhost
Sun Dec 26 23:06:45 RTZ 2021
OK
ya.ru
Sun Dec 26 23:06:46 RTZ 2021
OK
mail.ru
Sun Dec 26 23:06:46 RTZ 2021
OK
localhost
Sun Dec 26 23:06:46 RTZ 2021
OK
ya.ru
Sun Dec 26 23:06:47 RTZ 2021
OK
mail.ru
Sun Dec 26 23:06:47 RTZ 2021
OK
localhost
Sun Dec 26 23:06:48 RTZ 2021
OK
ya.ru
Sun Dec 26 23:06:49 RTZ 2021
OK
mail.ru
Sun Dec 26 23:06:50 RTZ 2021
OK
localhost
Sun Dec 26 23:06:50 RTZ 2021
OK
ya.ru
Sun Dec 26 23:06:51 RTZ 2021
OK
mail.ru
Sun Dec 26 23:06:52 RTZ 2021
OK
localhost
Sun Dec 26 23:06:52 RTZ 2021
OK
ya.ru
Sun Dec 26 23:06:53 RTZ 2021
OK
mail.ru
Sun Dec 26 23:06:53 RTZ 2021
OK
localhost
Sun Dec 26 23:06:53 RTZ 2021
OK
ya.ru
Sun Dec 26 23:06:54 RTZ 2021
OK
mail.ru
Sun Dec 26 23:06:54 RTZ 2021
OK
localhost
Sun Dec 26 23:06:54 RTZ 2021
OK
ya.ru
Sun Dec 26 23:06:55 RTZ 2021
OK
mail.ru
Sun Dec 26 23:06:56 RTZ 2021
OK
localhost
Sun Dec 26 23:06:56 RTZ 2021
OK
ya.ru
Sun Dec 26 23:06:57 RTZ 2021
OK
mail.ru
Sun Dec 26 23:06:57 RTZ 2021
OK
localhost
Sun Dec 26 23:06:57 RTZ 2021
OK
ya.ru
Sun Dec 26 23:06:59 RTZ 2021
OK
mail.ru
Sun Dec 26 23:06:59 RTZ 2021
OK
localhost
Sun Dec 26 23:06:59 RTZ 2021
OK
ya.ru
Sun Dec 26 23:07:00 RTZ 2021
OK
mail.ru
Sun Dec 26 23:07:01 RTZ 2021
OK
localhost
Sun Dec 26 23:07:01 RTZ 2021
OK
ya.ru
Sun Dec 26 23:07:02 RTZ 2021
OK
mail.ru
Sun Dec 26 23:07:02 RTZ 2021
OK
localhost
Sun Dec 26 23:07:02 RTZ 2021
OK
ya.ru
Sun Dec 26 23:07:03 RTZ 2021
OK
mail.ru
Sun Dec 26 23:07:03 RTZ 2021
OK
localhost
Sun Dec 26 23:07:04 RTZ 2021
OK
ya.ru
Sun Dec 26 23:07:05 RTZ 2021
OK
mail.ru
Sun Dec 26 23:07:05 RTZ 2021
OK
localhost
Sun Dec 26 23:07:05 RTZ 2021
OK
ya.ru
Sun Dec 26 23:07:06 RTZ 2021
OK
mail.ru
Sun Dec 26 23:07:06 RTZ 2021
OK
localhost
Sun Dec 26 23:07:06 RTZ 2021
OK
ya.ru
Sun Dec 26 23:07:07 RTZ 2021
OK
mail.ru
Sun Dec 26 23:07:08 RTZ 2021
OK
localhost
Sun Dec 26 23:07:08 RTZ 2021
OK
ya.ru
Sun Dec 26 23:07:09 RTZ 2021
OK
mail.ru
Sun Dec 26 23:07:09 RTZ 2021
OK
localhost
Sun Dec 26 23:07:09 RTZ 2021
OK
ya.ru
Sun Dec 26 23:07:10 RTZ 2021
OK
mail.ru
Sun Dec 26 23:07:10 RTZ 2021
OK
localhost
Sun Dec 26 23:07:12 RTZ 2021
OK
ya.ru
Sun Dec 26 23:07:13 RTZ 2021
OK
mail.ru
Sun Dec 26 23:07:13 RTZ 2021
OK
localhost
Sun Dec 26 23:07:13 RTZ 2021
OK
ya.ru
Sun Dec 26 23:07:14 RTZ 2021
OK
mail.ru
Sun Dec 26 23:07:14 RTZ 2021
OK
localhost
Sun Dec 26 23:07:14 RTZ 2021
OK
ya.ru
Sun Dec 26 23:07:15 RTZ 2021
OK
mail.ru
Sun Dec 26 23:07:16 RTZ 2021
OK
localhost
Sun Dec 26 23:07:16 RTZ 2021
OK
ya.ru
Sun Dec 26 23:07:17 RTZ 2021
OK
mail.ru
Sun Dec 26 23:07:17 RTZ 2021
OK
localhost
Sun Dec 26 23:07:17 RTZ 2021
OK
ya.ru
Sun Dec 26 23:07:18 RTZ 2021
OK
mail.ru
Sun Dec 26 23:07:18 RTZ 2021
OK
localhost
Sun Dec 26 23:07:18 RTZ 2021
OK
ya.ru
Sun Dec 26 23:07:19 RTZ 2021
OK
mail.ru
Sun Dec 26 23:07:19 RTZ 2021
OK
localhost
Sun Dec 26 23:07:20 RTZ 2021
OK
ya.ru
Sun Dec 26 23:07:21 RTZ 2021
OK
mail.ru
Sun Dec 26 23:07:21 RTZ 2021
OK
localhost
Sun Dec 26 23:07:21 RTZ 2021
OK
ya.ru
Sun Dec 26 23:07:22 RTZ 2021
OK
mail.ru
Sun Dec 26 23:07:22 RTZ 2021
OK
localhost
Sun Dec 26 23:07:23 RTZ 2021
OK
ya.ru
Sun Dec 26 23:07:24 RTZ 2021
OK
mail.ru
Sun Dec 26 23:07:24 RTZ 2021
OK
localhost
Sun Dec 26 23:07:24 RTZ 2021
OK
ya.ru
Sun Dec 26 23:07:25 RTZ 2021
OK
mail.ru
Sun Dec 26 23:07:25 RTZ 2021
OK
localhost
Sun Dec 26 23:07:25 RTZ 2021
OK
ya.ru
Sun Dec 26 23:07:26 RTZ 2021
OK
mail.ru
Sun Dec 26 23:07:26 RTZ 2021
OK
localhost
Sun Dec 26 23:07:26 RTZ 2021
OK
ya.ru
Sun Dec 26 23:07:28 RTZ 2021
OK
mail.ru
Sun Dec 26 23:07:28 RTZ 2021
OK
localhost
Sun Dec 26 23:07:28 RTZ 2021
OK
ya.ru
Sun Dec 26 23:07:29 RTZ 2021
OK
mail.ru
Sun Dec 26 23:07:29 RTZ 2021
OK
localhost
Sun Dec 26 23:07:29 RTZ 2021
OK
ya.ru
Sun Dec 26 23:07:30 RTZ 2021
OK
mail.ru
Sun Dec 26 23:07:30 RTZ 2021
OK
localhost
Sun Dec 26 23:07:30 RTZ 2021
OK
ya.ru
Sun Dec 26 23:07:32 RTZ 2021
OK
mail.ru
Sun Dec 26 23:07:32 RTZ 2021
OK
localhost
Sun Dec 26 23:07:32 RTZ 2021
OK
ya.ru
Sun Dec 26 23:07:33 RTZ 2021
OK
mail.ru
Sun Dec 26 23:07:34 RTZ 2021
OK
localhost
Sun Dec 26 23:07:34 RTZ 2021
OK
ya.ru
Sun Dec 26 23:07:35 RTZ 2021
OK
mail.ru
Sun Dec 26 23:07:35 RTZ 2021
OK
localhost
Sun Dec 26 23:07:35 RTZ 2021
OK
ya.ru
Sun Dec 26 23:07:36 RTZ 2021
OK
mail.ru
Sun Dec 26 23:07:36 RTZ 2021
OK
localhost
Sun Dec 26 23:07:36 RTZ 2021
OK
ya.ru
Sun Dec 26 23:07:38 RTZ 2021
OK
mail.ru
Sun Dec 26 23:07:38 RTZ 2021
OK
localhost
Sun Dec 26 23:07:38 RTZ 2021
OK
ya.ru
Sun Dec 26 23:07:39 RTZ 2021
OK
mail.ru
Sun Dec 26 23:07:39 RTZ 2021
OK
localhost
Sun Dec 26 23:07:39 RTZ 2021
OK
ya.ru
Sun Dec 26 23:07:40 RTZ 2021
OK
mail.ru
Sun Dec 26 23:07:42 RTZ 2021
OK
localhost
Sun Dec 26 23:07:42 RTZ 2021
OK
ya.ru
Sun Dec 26 23:07:43 RTZ 2021
OK
mail.ru
Sun Dec 26 23:07:43 RTZ 2021
OK
localhost
Sun Dec 26 23:07:43 RTZ 2021
OK
ya.ru
Sun Dec 26 23:07:44 RTZ 2021
OK
mail.ru
Sun Dec 26 23:07:45 RTZ 2021
OK
localhost
Sun Dec 26 23:07:45 RTZ 2021
OK
ya.ru
Sun Dec 26 23:07:46 RTZ 2021
OK
mail.ru
Sun Dec 26 23:07:46 RTZ 2021
OK
localhost
Sun Dec 26 23:07:47 RTZ 2021
OK
ya.ru
Sun Dec 26 23:07:48 RTZ 2021
OK
mail.ru
Sun Dec 26 23:07:48 RTZ 2021
OK
localhost
Sun Dec 26 23:07:48 RTZ 2021
OK
ya.ru
Sun Dec 26 23:07:49 RTZ 2021
OK
mail.ru
Sun Dec 26 23:07:49 RTZ 2021
OK
localhost
Sun Dec 26 23:07:49 RTZ 2021
OK
ya.ru
Sun Dec 26 23:07:50 RTZ 2021
OK
mail.ru
Sun Dec 26 23:07:51 RTZ 2021
OK
localhost
Sun Dec 26 23:07:51 RTZ 2021
OK
ya.ru
Sun Dec 26 23:07:52 RTZ 2021
OK
mail.ru
Sun Dec 26 23:07:52 RTZ 2021
OK
localhost
Sun Dec 26 23:07:53 RTZ 2021
OK
ya.ru
Sun Dec 26 23:07:54 RTZ 2021
OK
mail.ru
Sun Dec 26 23:07:54 RTZ 2021
OK
localhost
Sun Dec 26 23:07:54 RTZ 2021
OK
ya.ru
Sun Dec 26 23:07:55 RTZ 2021
OK
mail.ru
Sun Dec 26 23:07:55 RTZ 2021
OK
localhost
Sun Dec 26 23:07:56 RTZ 2021
OK
ya.ru
Sun Dec 26 23:07:57 RTZ 2021
OK
mail.ru
Sun Dec 26 23:07:57 RTZ 2021
OK
localhost
Sun Dec 26 23:07:57 RTZ 2021
OK
ya.ru
Sun Dec 26 23:07:58 RTZ 2021
OK
mail.ru
Sun Dec 26 23:07:58 RTZ 2021
OK
localhost
Sun Dec 26 23:07:59 RTZ 2021
OK
ya.ru
Sun Dec 26 23:08:00 RTZ 2021
OK
mail.ru
Sun Dec 26 23:08:00 RTZ 2021
OK
localhost
Sun Dec 26 23:08:00 RTZ 2021
OK
ya.ru
Sun Dec 26 23:08:01 RTZ 2021
OK
mail.ru
Sun Dec 26 23:08:01 RTZ 2021
OK
localhost
Sun Dec 26 23:08:01 RTZ 2021
OK
ya.ru
Sun Dec 26 23:08:02 RTZ 2021
OK
mail.ru
Sun Dec 26 23:08:03 RTZ 2021
OK
localhost
Sun Dec 26 23:08:03 RTZ 2021
OK
ya.ru
Sun Dec 26 23:08:04 RTZ 2021
OK
mail.ru
Sun Dec 26 23:08:04 RTZ 2021
OK
localhost
Sun Dec 26 23:08:04 RTZ 2021
OK
ya.ru
Sun Dec 26 23:08:05 RTZ 2021
OK
mail.ru
Sun Dec 26 23:08:05 RTZ 2021
OK
localhost
Sun Dec 26 23:08:05 RTZ 2021
OK
ya.ru
Sun Dec 26 23:08:06 RTZ 2021
OK
mail.ru
Sun Dec 26 23:08:06 RTZ 2021
OK
localhost
Sun Dec 26 23:08:06 RTZ 2021
OK
ya.ru
Sun Dec 26 23:08:08 RTZ 2021
OK
mail.ru
Sun Dec 26 23:08:08 RTZ 2021
OK
localhost
Sun Dec 26 23:08:08 RTZ 2021
OK
ya.ru
Sun Dec 26 23:08:09 RTZ 2021
OK
mail.ru
Sun Dec 26 23:08:09 RTZ 2021
OK
localhost
Sun Dec 26 23:08:10 RTZ 2021
OK
ya.ru
Sun Dec 26 23:08:11 RTZ 2021
OK
mail.ru
Sun Dec 26 23:08:11 RTZ 2021
OK
localhost
Sun Dec 26 23:08:11 RTZ 2021
OK
ya.ru
Sun Dec 26 23:08:12 RTZ 2021
OK
mail.ru
Sun Dec 26 23:08:12 RTZ 2021
OK
localhost
Sun Dec 26 23:08:12 RTZ 2021
OK
ya.ru
Sun Dec 26 23:08:14 RTZ 2021
OK
mail.ru
Sun Dec 26 23:08:14 RTZ 2021
OK
localhost
Sun Dec 26 23:08:14 RTZ 2021
OK
ya.ru
Sun Dec 26 23:08:15 RTZ 2021
OK
mail.ru
Sun Dec 26 23:08:15 RTZ 2021
OK
localhost
Sun Dec 26 23:08:15 RTZ 2021
OK
ya.ru
Sun Dec 26 23:08:17 RTZ 2021
OK
mail.ru
Sun Dec 26 23:08:17 RTZ 2021
OK
localhost
Sun Dec 26 23:08:17 RTZ 2021
OK
ya.ru
Sun Dec 26 23:08:18 RTZ 2021
OK
mail.ru
Sun Dec 26 23:08:18 RTZ 2021
OK
localhost
Sun Dec 26 23:08:18 RTZ 2021
OK
ya.ru
Sun Dec 26 23:08:19 RTZ 2021
OK
mail.ru
Sun Dec 26 23:08:19 RTZ 2021
OK
localhost
Sun Dec 26 23:08:20 RTZ 2021
OK
ya.ru
Sun Dec 26 23:08:21 RTZ 2021
OK
mail.ru
Sun Dec 26 23:08:21 RTZ 2021
OK
localhost
Sun Dec 26 23:08:21 RTZ 2021
OK
ya.ru
Sun Dec 26 23:08:22 RTZ 2021
OK
mail.ru
Sun Dec 26 23:08:22 RTZ 2021
OK
localhost
Sun Dec 26 23:08:22 RTZ 2021
OK
ya.ru
Sun Dec 26 23:08:23 RTZ 2021
OK
mail.ru
Sun Dec 26 23:08:23 RTZ 2021
OK
localhost
Sun Dec 26 23:08:24 RTZ 2021
