ya.ru
Thu Dec 23 17:00:04 RTZ 2021
NOT OK
mail.ru
Thu Dec 23 17:00:04 RTZ 2021
NOT OK
localhost
Thu Dec 23 17:00:04 RTZ 2021
OK
ya.ru
Thu Dec 23 17:00:04 RTZ 2021
NOT OK
mail.ru
Thu Dec 23 17:00:04 RTZ 2021
NOT OK
localhost
Thu Dec 23 17:00:04 RTZ 2021
OK
ya.ru
Thu Dec 23 17:00:04 RTZ 2021
NOT OK
mail.ru
Thu Dec 23 17:00:04 RTZ 2021
NOT OK
localhost
Thu Dec 23 17:00:04 RTZ 2021
OK
ya.ru
Thu Dec 23 17:00:05 RTZ 2021
NOT OK
mail.ru
Thu Dec 23 17:00:05 RTZ 2021
NOT OK
localhost
Thu Dec 23 17:00:05 RTZ 2021
OK
ya.ru
Thu Dec 23 17:00:05 RTZ 2021
NOT OK
mail.ru
Thu Dec 23 17:00:05 RTZ 2021
NOT OK
localhost
Thu Dec 23 17:00:05 RTZ 2021
OK
ya.ru
Thu Dec 23 17:00:47 RTZ 2021
OK
mail.ru
Thu Dec 23 17:00:47 RTZ 2021
OK
localhost
Thu Dec 23 17:00:48 RTZ 2021
OK
ya.ru
Thu Dec 23 17:00:48 RTZ 2021
OK
mail.ru
Thu Dec 23 17:00:48 RTZ 2021
OK
localhost
Thu Dec 23 17:00:48 RTZ 2021
OK
ya.ru
Thu Dec 23 17:00:48 RTZ 2021
OK
mail.ru
Thu Dec 23 17:00:48 RTZ 2021
OK
localhost
Thu Dec 23 17:00:48 RTZ 2021
OK
ya.ru
Thu Dec 23 17:00:48 RTZ 2021
OK
mail.ru
Thu Dec 23 17:00:48 RTZ 2021
OK
localhost
Thu Dec 23 17:00:48 RTZ 2021
OK
ya.ru
Thu Dec 23 17:00:48 RTZ 2021
OK
mail.ru
Thu Dec 23 17:00:48 RTZ 2021
OK
localhost
Thu Dec 23 17:00:48 RTZ 2021
OK
mail.ru
Thu Dec 23 17:25:49 RTZ 2021
OK
localhost
Thu Dec 23 17:25:49 RTZ 2021
OK
mail.ru
Thu Dec 23 17:25:50 RTZ 2021
OK
localhost
Thu Dec 23 17:25:50 RTZ 2021
OK
mail.ru
Thu Dec 23 17:25:50 RTZ 2021
OK
localhost
Thu Dec 23 17:25:50 RTZ 2021
OK
mail.ru
Thu Dec 23 17:25:51 RTZ 2021
OK
localhost
Thu Dec 23 17:25:51 RTZ 2021
OK
mail.ru
Thu Dec 23 17:25:51 RTZ 2021
OK
localhost
Thu Dec 23 17:25:51 RTZ 2021
OK
mail.ru
Thu Dec 23 17:25:52 RTZ 2021
OK
localhost
Thu Dec 23 17:25:52 RTZ 2021
OK
mail.ru
Thu Dec 23 17:25:52 RTZ 2021
OK
localhost
Thu Dec 23 17:25:52 RTZ 2021
OK
mail.ru
Thu Dec 23 17:25:53 RTZ 2021
OK
localhost
Thu Dec 23 17:25:53 RTZ 2021
OK
mail.ru
Thu Dec 23 17:25:53 RTZ 2021
OK
localhost
Thu Dec 23 17:25:53 RTZ 2021
OK
mail.ru
Thu Dec 23 17:25:53 RTZ 2021
OK
localhost
Thu Dec 23 17:25:53 RTZ 2021
OK
mail.ru
Thu Dec 23 17:25:53 RTZ 2021
OK
localhost
Thu Dec 23 17:25:54 RTZ 2021
OK
mail.ru
Thu Dec 23 17:25:54 RTZ 2021
OK
localhost
Thu Dec 23 17:25:54 RTZ 2021
OK
mail.ru
Thu Dec 23 17:25:54 RTZ 2021
OK
localhost
Thu Dec 23 17:25:54 RTZ 2021
OK
mail.ru
Thu Dec 23 17:25:56 RTZ 2021
OK
localhost
Thu Dec 23 17:25:56 RTZ 2021
OK
mail.ru
Thu Dec 23 17:25:58 RTZ 2021
OK
localhost
Thu Dec 23 17:25:58 RTZ 2021
OK
mail.ru
Thu Dec 23 17:25:58 RTZ 2021
OK
localhost
Thu Dec 23 17:25:58 RTZ 2021
OK
mail.ru
Thu Dec 23 17:25:58 RTZ 2021
OK
localhost
Thu Dec 23 17:25:58 RTZ 2021
OK
mail.ru
Thu Dec 23 17:25:58 RTZ 2021
OK
localhost
Thu Dec 23 17:25:58 RTZ 2021
OK
mail.ru
Thu Dec 23 17:25:59 RTZ 2021
OK
localhost
Thu Dec 23 17:25:59 RTZ 2021
OK
mail.ru
Thu Dec 23 17:25:59 RTZ 2021
OK
localhost
Thu Dec 23 17:25:59 RTZ 2021
OK
mail.ru
Thu Dec 23 17:25:59 RTZ 2021
OK
localhost
Thu Dec 23 17:25:59 RTZ 2021
OK
mail.ru
Thu Dec 23 17:25:59 RTZ 2021
OK
localhost
Thu Dec 23 17:25:59 RTZ 2021
OK
mail.ru
Thu Dec 23 17:26:00 RTZ 2021
OK
localhost
Thu Dec 23 17:26:00 RTZ 2021
OK
mail.ru
Thu Dec 23 17:26:00 RTZ 2021
OK
localhost
Thu Dec 23 17:26:00 RTZ 2021
OK
mail.ru
Thu Dec 23 17:26:00 RTZ 2021
OK
localhost
Thu Dec 23 17:26:00 RTZ 2021
OK
mail.ru
Thu Dec 23 17:26:01 RTZ 2021
OK
localhost
Thu Dec 23 17:26:01 RTZ 2021
OK
mail.ru
Thu Dec 23 17:26:01 RTZ 2021
OK
localhost
Thu Dec 23 17:26:01 RTZ 2021
OK
mail.ru
Thu Dec 23 17:26:01 RTZ 2021
OK
localhost
Thu Dec 23 17:26:01 RTZ 2021
OK
mail.ru
Thu Dec 23 17:26:01 RTZ 2021
OK
localhost
Thu Dec 23 17:26:01 RTZ 2021
OK
mail.ru
Thu Dec 23 17:26:02 RTZ 2021
OK
localhost
Thu Dec 23 17:26:02 RTZ 2021
OK
mail.ru
Thu Dec 23 17:26:02 RTZ 2021
OK
localhost
Thu Dec 23 17:26:02 RTZ 2021
OK
mail.ru
Thu Dec 23 17:26:02 RTZ 2021
OK
localhost
Thu Dec 23 17:26:02 RTZ 2021
OK
mail.ru
Thu Dec 23 17:26:03 RTZ 2021
OK
localhost
Thu Dec 23 17:26:03 RTZ 2021
OK
mail.ru
Thu Dec 23 17:26:03 RTZ 2021
OK
localhost
Thu Dec 23 17:26:03 RTZ 2021
OK
mail.ru
Thu Dec 23 17:26:04 RTZ 2021
OK
localhost
Thu Dec 23 17:26:04 RTZ 2021
OK
mail.ru
Thu Dec 23 17:26:04 RTZ 2021
OK
localhost
Thu Dec 23 17:26:04 RTZ 2021
OK
mail.ru
Thu Dec 23 17:26:04 RTZ 2021
OK
localhost
Thu Dec 23 17:26:04 RTZ 2021
OK
mail.ru
Thu Dec 23 17:26:04 RTZ 2021
OK
localhost
Thu Dec 23 17:26:04 RTZ 2021
OK
mail.ru
Thu Dec 23 17:26:05 RTZ 2021
OK
localhost
Thu Dec 23 17:26:05 RTZ 2021
OK
mail.ru
Thu Dec 23 17:26:05 RTZ 2021
OK
localhost
Thu Dec 23 17:26:05 RTZ 2021
OK
mail.ru
Thu Dec 23 17:26:05 RTZ 2021
OK
localhost
Thu Dec 23 17:26:05 RTZ 2021
OK
mail.ru
Thu Dec 23 17:26:05 RTZ 2021
OK
localhost
Thu Dec 23 17:26:05 RTZ 2021
OK
mail.ru
Thu Dec 23 17:26:10 RTZ 2021
OK
localhost
Thu Dec 23 17:26:10 RTZ 2021
OK
mail.ru
Thu Dec 23 17:26:10 RTZ 2021
OK
localhost
Thu Dec 23 17:26:10 RTZ 2021
OK
mail.ru
Thu Dec 23 17:26:10 RTZ 2021
OK
localhost
Thu Dec 23 17:26:10 RTZ 2021
OK
mail.ru
Thu Dec 23 17:26:11 RTZ 2021
OK
localhost
Thu Dec 23 17:26:11 RTZ 2021
OK
mail.ru
Thu Dec 23 17:26:11 RTZ 2021
OK
localhost
Thu Dec 23 17:26:11 RTZ 2021
OK
mail.ru
Thu Dec 23 17:26:11 RTZ 2021
OK
localhost
Thu Dec 23 17:26:11 RTZ 2021
OK
mail.ru
Thu Dec 23 17:26:12 RTZ 2021
OK
localhost
Thu Dec 23 17:26:12 RTZ 2021
OK
mail.ru
Thu Dec 23 17:26:12 RTZ 2021
OK
localhost
Thu Dec 23 17:26:12 RTZ 2021
OK
mail.ru
Thu Dec 23 17:26:13 RTZ 2021
OK
localhost
Thu Dec 23 17:26:13 RTZ 2021
OK
mail.ru
Thu Dec 23 17:26:13 RTZ 2021
OK
localhost
Thu Dec 23 17:26:13 RTZ 2021
OK
mail.ru
Thu Dec 23 17:26:13 RTZ 2021
OK
localhost
Thu Dec 23 17:26:13 RTZ 2021
OK
mail.ru
Thu Dec 23 17:26:14 RTZ 2021
OK
localhost
Thu Dec 23 17:26:14 RTZ 2021
OK
mail.ru
Thu Dec 23 17:26:14 RTZ 2021
OK
localhost
Thu Dec 23 17:26:14 RTZ 2021
OK
mail.ru
Thu Dec 23 17:26:15 RTZ 2021
OK
localhost
Thu Dec 23 17:26:15 RTZ 2021
OK
mail.ru
Thu Dec 23 17:26:15 RTZ 2021
OK
localhost
Thu Dec 23 17:26:15 RTZ 2021
OK
mail.ru
Thu Dec 23 17:29:35 RTZ 2021
OK
localhost
Thu Dec 23 17:29:35 RTZ 2021
OK
mail.ru
Thu Dec 23 17:29:38 RTZ 2021
OK
localhost
Thu Dec 23 17:29:38 RTZ 2021
OK
mail.ru
Thu Dec 23 17:29:40 RTZ 2021
OK
localhost
Thu Dec 23 17:29:40 RTZ 2021
OK
mail.ru
Thu Dec 23 17:29:41 RTZ 2021
OK
localhost
Thu Dec 23 17:29:41 RTZ 2021
OK
mail.ru
Thu Dec 23 17:29:42 RTZ 2021
OK
localhost
Thu Dec 23 17:29:42 RTZ 2021
OK
mail.ru
